<?xml version="1.0" encoding="UTF-8"?>
<!-- Generated by org.testng.reporters.JUnitReportReporter -->
<testsuite skipped="0" hostname="DESKTOP-P9RS1G1" name="LoanTest.LoanTest" tests="2" failures="0" timestamp="02 Apr 2022 14:33:53 GMT" time="0.021" errors="0">
  <testcase name="CarLoanTest" time="0.012" classname="LoanTest.LoanTest"/>
  <testcase name="HomeLoanTest" time="0.009" classname="LoanTest.LoanTest"/>
</testsuite> <!-- LoanTest.LoanTest -->
