<?xml version="1.0" encoding="UTF-8"?>
<!-- Generated by org.testng.reporters.JUnitReportReporter -->
<testsuite skipped="0" hostname="DESKTOP-P9RS1G1" name="testng.LoginTest" tests="1" failures="0" timestamp="06 Apr 2022 22:39:28 GMT" time="14.583" errors="0">
  <testcase name="LoginTestcase1" time="14.583" classname="testng.LoginTest"/>
</testsuite> <!-- testng.LoginTest -->
