<?xml version="1.0" encoding="UTF-8"?>
<!-- Generated by org.testng.reporters.JUnitReportReporter -->
<testsuite skipped="0" hostname="DESKTOP-P9RS1G1" name="testng.LoginTest" tests="1" failures="0" timestamp="03 Apr 2022 15:08:17 GMT" time="13.011" errors="0">
  <testcase name="LoginTestcase1" time="13.011" classname="testng.LoginTest"/>
</testsuite> <!-- testng.LoginTest -->
